<?xml version="1.0" encoding="UTF-8"?>
<!-- Generated by org.testng.reporters.JUnitReportReporter -->
<testsuite hostname="hghguuu" name="lajlkjd.A" tests="2" failures="0" timestamp="19 May 2016 06:59:01 GMT" time="104.271" errors="0">
  <testcase name="m2" time="71.138" classname="lajlkjd.A"/>
  <testcase name="m1" time="33.133" classname="lajlkjd.A"/>
</testsuite> <!-- lajlkjd.A -->
