<?xml version="1.0" encoding="UTF-8"?>
<!-- Generated by org.testng.reporters.JUnitReportReporter -->
<testsuite hostname="hghguuu" name="CodeExcercise._testCase3" tests="1" failures="0" timestamp="25 Aug 2016 03:51:11 GMT" time="155.010" errors="0">
  <testcase name="androidConfig" time="155.010" classname="CodeExcercise._testCase3"/>
</testsuite> <!-- CodeExcercise._testCase3 -->
