<?xml version="1.0" encoding="UTF-8"?>
<!-- Generated by org.testng.reporters.JUnitReportReporter -->
<testsuite hostname="hghguuu" name="CodeExcercise._testCase1" tests="1" failures="0" timestamp="23 Aug 2016 20:25:15 GMT" time="41.969" errors="0">
  <testcase name="test1" time="41.969" classname="CodeExcercise._testCase1"/>
</testsuite> <!-- CodeExcercise._testCase1 -->
