<?xml version="1.0" encoding="UTF-8"?>
<!-- Generated by org.testng.reporters.JUnitReportReporter -->
<testsuite hostname="hghguuu" name="AppiumTestCase1.Scratch" tests="1" failures="0" timestamp="22 Aug 2016 07:09:36 GMT" time="14.042" errors="0">
  <testcase name="VerifyFirstLink" time="14.042" classname="AppiumTestCase1.Scratch"/>
</testsuite> <!-- AppiumTestCase1.Scratch -->
