<?xml version="1.0" encoding="UTF-8"?>
<!-- Generated by org.testng.reporters.JUnitReportReporter -->
<testsuite hostname="hghguuu" name="CodeExcercise._testCase3" tests="1" failures="0" timestamp="24 Aug 2016 19:06:38 GMT" time="147.463" errors="0">
  <testcase name="androidConfig" time="147.463" classname="CodeExcercise._testCase3"/>
</testsuite> <!-- CodeExcercise._testCase3 -->
